<?xml version="1.0" encoding="UTF-8"?>
<testsuite xmlns:xsi="http://www.w3.org/2001/XMLSchema-instance" xsi:noNamespaceSchemaLocation="https://maven.apache.org/surefire/maven-surefire-plugin/xsd/surefire-test-report.xsd" version="3.0.2" name="com.dataops.hybridrag.flink.EmbeddingUDFTest" time="0.269" tests="7" errors="0" skipped="0" failures="0">
  <properties>
[...]
</properties>
  <testcase name="eval_returnsEmbeddingOnSuccessResponse" classname="com.dataops.hybridrag.flink.EmbeddingUDFTest" time="0.235">
    <system-err><![CDATA[[main] INFO com.dataops.hybridrag.flink.EmbeddingUDF - EmbeddingUDF initialized: endpoint=http://localhost:56909/serving-endpoints/test-embed-model/invocations
]]></system-err>
  </testcase>
  <testcase name="eval_returnsEmptyArrayForBlankInput" classname="com.dataops.hybridrag.flink.EmbeddingUDFTest" time="0.001">
    <system-err><![CDATA[[main] INFO com.dataops.hybridrag.flink.EmbeddingUDF - EmbeddingUDF initialized: endpoint=http://localhost:56912/serving-endpoints/test-embed-model/invocations
]]></system-err>
  </testcase>
  <testcase name="eval_returnsEmptyArrayOnMalformedResponse" classname="com.dataops.hybridrag.flink.EmbeddingUDFTest" time="0.006">
    <system-err><![CDATA[[main] INFO com.dataops.hybridrag.flink.EmbeddingUDF - EmbeddingUDF initialized: endpoint=http://localhost:56913/serving-endpoints/test-embed-model/invocations
[main] WARN com.dataops.hybridrag.flink.EmbeddingUDF - Unexpected embedding response shape (missing data[0].embedding)
]]></system-err>
  </testcase>
  <testcase name="eval_returnsEmptyArrayForNullInput" classname="com.dataops.hybridrag.flink.EmbeddingUDFTest" time="0.001">
    <system-err><![CDATA[[main] INFO com.dataops.hybridrag.flink.EmbeddingUDF - EmbeddingUDF initialized: endpoint=http://localhost:56915/serving-endpoints/test-embed-model/invocations
]]></system-err>
  </testcase>
  <testcase name="eval_returnsEmptyArrayOnHttpError" classname="com.dataops.hybridrag.flink.EmbeddingUDFTest" time="0.006">
    <system-err><![CDATA[[main] INFO com.dataops.hybridrag.flink.EmbeddingUDF - EmbeddingUDF initialized: endpoint=http://localhost:56916/serving-endpoints/test-embed-model/invocations
[main] ERROR com.dataops.hybridrag.flink.EmbeddingUDF - Embedding endpoint returned HTTP 429 for text length 9: rate limited
]]></system-err>
  </testcase>
  <testcase name="parseEmbedding_parsesLargeVector" classname="com.dataops.hybridrag.flink.EmbeddingUDFTest" time="0.006">
    <system-err><![CDATA[[main] INFO com.dataops.hybridrag.flink.EmbeddingUDF - EmbeddingUDF initialized: endpoint=http://localhost:56918/serving-endpoints/test-embed-model/invocations
]]></system-err>
  </testcase>
  <testcase name="eval_sendsCorrectRequestBody" classname="com.dataops.hybridrag.flink.EmbeddingUDFTest" time="0.006">
    <system-err><![CDATA[[main] INFO com.dataops.hybridrag.flink.EmbeddingUDF - EmbeddingUDF initialized: endpoint=http://localhost:56919/serving-endpoints/test-embed-model/invocations
]]></system-err>
  </testcase>
</testsuite>